app/build/outputs/logs/manifest-merger-debug-report.txt
-- Merging decision tree log ---
manifest
ADDED from src\main\AndroidManifest.xml:2:1-65:12
INJECTED from src\main\AndroidManifest.xml:2:1-65:12
INJECTED from src\main\AndroidManifest.xml:2:1-65:12
INJECTED from src\main\AndroidManifest.xml:2:1-65:12
MERGED from [:mypicker] AndroidManifest.xml:2:1-17:12
MERGED from [:indexlib] AndroidManifest.xml:2:1-13:12
MERGED from [:citypickerview] AndroidManifest.xml:2:1-19:12
MERGED from [com.github.mcxtzhang:SwipeDelMenuLayout:V1.2.2] AndroidManifest.xml:2:1-13:12
MERGED from [com.android.support:appcompat-v7:24.2.1] AndroidManifest.xml:17:1-27:12
MERGED from [com.android.support:support-v4:24.2.1] AndroidManifest.xml:17:1-27:12
MERGED from [com.android.support:animated-vector-drawable:24.2.1] AndroidManifest.xml:17:1-24:12
MERGED from [com.android.support:support-vector-drawable:24.2.1] AndroidManifest.xml:17:1-25:12
MERGED from [com.android.support:recyclerview-v7:24.2.1] AndroidManifest.xml:17:1-22:12
MERGED from [com.android.support:support-fragment:24.2.1] AndroidManifest.xml:17:1-27:12
MERGED from [com.android.support:support-core-ui:24.2.1] AndroidManifest.xml:17:1-27:12
MERGED from [com.android.support:support-media-compat:24.2.1] AndroidManifest.xml:17:1-27:12
MERGED from [com.android.support:support-core-utils:24.2.1] AndroidManifest.xml:17:1-27:12
MERGED from [com.android.support:support-compat:24.2.1] AndroidManifest.xml:17:1-27:12
INJECTED from src\main\AndroidManifest.xml:2:1-65:12
INJECTED from src\main\AndroidManifest.xml:2:1-65:12
INJECTED from src\main\AndroidManifest.xml:2:1-65:12
	package
		ADDED from src\main\AndroidManifest.xml:4:5-35
		INJECTED from src\main\AndroidManifest.xml
		INJECTED from src\main\AndroidManifest.xml
	android:versionName
		ADDED from src\main\AndroidManifest.xml:6:5-30
		INJECTED from src\main\AndroidManifest.xml
		INJECTED from src\main\AndroidManifest.xml
	xmlns:tools
		ADDED from src\main\AndroidManifest.xml:3:5-51
	xmlns:android
		ADDED from src\main\AndroidManifest.xml:2:11-69
	android:versionCode
		ADDED from src\main\AndroidManifest.xml:5:5-28
		INJECTED from src\main\AndroidManifest.xml
		INJECTED from src\main\AndroidManifest.xml
uses-permission#android.permission.CALL_PHONE
ADDED from src\main\AndroidManifest.xml:8:5-69
	android:name
		ADDED from src\main\AndroidManifest.xml:8:22-66
uses-permission#android.permission.CAMERA
ADDED from src\main\AndroidManifest.xml:9:5-65
	android:name
		ADDED from src\main\AndroidManifest.xml:9:22-62
uses-permission#android.permission.INTERNET
ADDED from src\main\AndroidManifest.xml:10:5-67
	android:name
		ADDED from src\main\AndroidManifest.xml:10:22-64
uses-permission#android.permission.VIBRATE
ADDED from src\main\AndroidManifest.xml:11:5-66
	android:name
		ADDED from src\main\AndroidManifest.xml:11:22-63
uses-permission#android.permission.FLASHLIGHT
ADDED from src\main\AndroidManifest.xml:12:5-69
	android:name
		ADDED from src\main\AndroidManifest.xml:12:22-66
uses-sdk
ADDED from src\main\AndroidManifest.xml:14:5-17:44
INJECTED from src\main\AndroidManifest.xml:14:5-17:44
INJECTED from src\main\AndroidManifest.xml:14:5-17:44
MERGED from [:mypicker] AndroidManifest.xml:7:5-9:41
MERGED from [:mypicker] AndroidManifest.xml:7:5-9:41
MERGED from [:indexlib] AndroidManifest.xml:7:5-9:41
MERGED from [:indexlib] AndroidManifest.xml:7:5-9:41
MERGED from [:citypickerview] AndroidManifest.xml:7:5-9:41
MERGED from [:citypickerview] AndroidManifest.xml:7:5-9:41
MERGED from [com.github.mcxtzhang:SwipeDelMenuLayout:V1.2.2] AndroidManifest.xml:7:5-9:41
MERGED from [com.github.mcxtzhang:SwipeDelMenuLayout:V1.2.2] AndroidManifest.xml:7:5-9:41
MERGED from [com.android.support:appcompat-v7:24.2.1] AndroidManifest.xml:21:5-23:78
MERGED from [com.android.support:appcompat-v7:24.2.1] AndroidManifest.xml:21:5-23:78
MERGED from [com.android.support:support-v4:24.2.1] AndroidManifest.xml:21:5-23:54
MERGED from [com.android.support:support-v4:24.2.1] AndroidManifest.xml:21:5-23:54
MERGED from [com.android.support:animated-vector-drawable:24.2.1] AndroidManifest.xml:20:5-44
MERGED from [com.android.support:animated-vector-drawable:24.2.1] AndroidManifest.xml:20:5-44
MERGED from [com.android.support:support-vector-drawable:24.2.1] AndroidManifest.xml:21:5-43
MERGED from [com.android.support:support-vector-drawable:24.2.1] AndroidManifest.xml:21:5-43
MERGED from [com.android.support:recyclerview-v7:24.2.1] AndroidManifest.xml:20:5-43
MERGED from [com.android.support:recyclerview-v7:24.2.1] AndroidManifest.xml:20:5-43
MERGED from [com.android.support:support-fragment:24.2.1] AndroidManifest.xml:21:5-23:60
MERGED from [com.android.support:support-fragment:24.2.1] AndroidManifest.xml:21:5-23:60
MERGED from [com.android.support:support-core-ui:24.2.1] AndroidManifest.xml:21:5-23:58
MERGED from [com.android.support:support-core-ui:24.2.1] AndroidManifest.xml:21:5-23:58
MERGED from [com.android.support:support-media-compat:24.2.1] AndroidManifest.xml:21:5-23:63
MERGED from [com.android.support:support-media-compat:24.2.1] AndroidManifest.xml:21:5-23:63
MERGED from [com.android.support:support-core-utils:24.2.1] AndroidManifest.xml:21:5-23:61
MERGED from [com.android.support:support-core-utils:24.2.1] AndroidManifest.xml:21:5-23:61
MERGED from [com.android.support:support-compat:24.2.1] AndroidManifest.xml:21:5-23:58
MERGED from [com.android.support:support-compat:24.2.1] AndroidManifest.xml:21:5-23:58
INJECTED from src\main\AndroidManifest.xml:14:5-17:44
INJECTED from src\main\AndroidManifest.xml:14:5-17:44
	tools:overrideLibrary
		ADDED from src\main\AndroidManifest.xml:17:9-41
	android:targetSdkVersion
		ADDED from src\main\AndroidManifest.xml:16:9-38
		INJECTED from src\main\AndroidManifest.xml
		INJECTED from src\main\AndroidManifest.xml
	android:minSdkVersion
		ADDED from src\main\AndroidManifest.xml:15:9-35
		INJECTED from src\main\AndroidManifest.xml
		INJECTED from src\main\AndroidManifest.xml
application
ADDED from src\main\AndroidManifest.xml:19:5-63:19
MERGED from [:mypicker] AndroidManifest.xml:11:5-15:19
MERGED from [:mypicker] AndroidManifest.xml:11:5-15:19
MERGED from [:indexlib] AndroidManifest.xml:11:5-20
MERGED from [:indexlib] AndroidManifest.xml:11:5-20
MERGED from [:citypickerview] AndroidManifest.xml:11:5-17:19
MERGED from [:citypickerview] AndroidManifest.xml:11:5-17:19
MERGED from [com.github.mcxtzhang:SwipeDelMenuLayout:V1.2.2] AndroidManifest.xml:11:5-20
MERGED from [com.github.mcxtzhang:SwipeDelMenuLayout:V1.2.2] AndroidManifest.xml:11:5-20
MERGED from [com.android.support:appcompat-v7:24.2.1] AndroidManifest.xml:25:5-20
MERGED from [com.android.support:appcompat-v7:24.2.1] AndroidManifest.xml:25:5-20
MERGED from [com.android.support:support-v4:24.2.1] AndroidManifest.xml:25:5-20
MERGED from [com.android.support:support-v4:24.2.1] AndroidManifest.xml:25:5-20
MERGED from [com.android.support:animated-vector-drawable:24.2.1] AndroidManifest.xml:22:5-20
MERGED from [com.android.support:animated-vector-drawable:24.2.1] AndroidManifest.xml:22:5-20
MERGED from [com.android.support:support-vector-drawable:24.2.1] AndroidManifest.xml:23:5-20
MERGED from [com.android.support:support-vector-drawable:24.2.1] AndroidManifest.xml:23:5-20
MERGED from [com.android.support:support-fragment:24.2.1] AndroidManifest.xml:25:5-20
MERGED from [com.android.support:support-fragment:24.2.1] AndroidManifest.xml:25:5-20
MERGED from [com.android.support:support-core-ui:24.2.1] AndroidManifest.xml:25:5-20
MERGED from [com.android.support:support-core-ui:24.2.1] AndroidManifest.xml:25:5-20
MERGED from [com.android.support:support-media-compat:24.2.1] AndroidManifest.xml:25:5-20
MERGED from [com.android.support:support-media-compat:24.2.1] AndroidManifest.xml:25:5-20
MERGED from [com.android.support:support-core-utils:24.2.1] AndroidManifest.xml:25:5-20
MERGED from [com.android.support:support-core-utils:24.2.1] AndroidManifest.xml:25:5-20
MERGED from [com.android.support:support-compat:24.2.1] AndroidManifest.xml:25:5-20
MERGED from [com.android.support:support-compat:24.2.1] AndroidManifest.xml:25:5-20
	android:supportsRtl
		ADDED from [:mypicker] AndroidManifest.xml:14:9-35
	android:label
		ADDED from src\main\AndroidManifest.xml:22:9-41
	android:icon
		ADDED from src\main\AndroidManifest.xml:21:9-36
	android:allowBackup
		ADDED from src\main\AndroidManifest.xml:20:9-35
	android:theme
		ADDED from src\main\AndroidManifest.xml:23:9-44
activity#com.lianpos.activity.WelcomeActivity
ADDED from src\main\AndroidManifest.xml:24:9-31:20
	android:label
		ADDED from src\main\AndroidManifest.xml:26:13-45
	android:name
		ADDED from src\main\AndroidManifest.xml:25:13-64
intent-filter#android.intent.action.MAIN+android.intent.category.LAUNCHER
ADDED from src\main\AndroidManifest.xml:27:13-30:29
action#android.intent.action.MAIN
ADDED from src\main\AndroidManifest.xml:28:17-69
	android:name
		ADDED from src\main\AndroidManifest.xml:28:25-66
category#android.intent.category.LAUNCHER
ADDED from src\main\AndroidManifest.xml:29:17-77
	android:name
		ADDED from src\main\AndroidManifest.xml:29:27-74
activity#com.lianpos.devfoucs.homepage.activity.MakeActivity
ADDED from src\main\AndroidManifest.xml:33:9-97
	android:name
		ADDED from src\main\AndroidManifest.xml:33:19-85
activity#com.lianpos.activity.MainActivity
ADDED from src\main\AndroidManifest.xml:34:9-36:64
	android:windowSoftInputMode
		ADDED from src\main\AndroidManifest.xml:36:13-52
	android:name
		ADDED from src\main\AndroidManifest.xml:35:13-61
activity#com.lianpos.devfoucs.linkman.ui.LinkManActivity
ADDED from src\main\AndroidManifest.xml:37:9-39:81
	android:theme
		ADDED from src\main\AndroidManifest.xml:39:13-69
	android:name
		ADDED from src\main\AndroidManifest.xml:38:13-75
activity#com.lianpos.zxing.android.CaptureActivity
ADDED from src\main\AndroidManifest.xml:40:9-43:72
	android:screenOrientation
		ADDED from src\main\AndroidManifest.xml:42:13-49
	android:theme
		ADDED from src\main\AndroidManifest.xml:43:13-60
	android:name
		ADDED from src\main\AndroidManifest.xml:41:13-69
activity#com.lianpos.devfoucs.login.activity.RegisterActivity
ADDED from src\main\AndroidManifest.xml:45:9-98
	android:name
		ADDED from src\main\AndroidManifest.xml:45:19-86
activity#com.lianpos.devfoucs.login.activity.LoginActivity
ADDED from src\main\AndroidManifest.xml:46:9-95
	android:name
		ADDED from src\main\AndroidManifest.xml:46:19-83
activity#com.lianpos.devfoucs.login.activity.RegisterInfoActivity
ADDED from src\main\AndroidManifest.xml:47:9-102
	android:name
		ADDED from src\main\AndroidManifest.xml:47:19-90
activity#com.lianpos.devfoucs.login.activity.RegisterAreaActivity
ADDED from src\main\AndroidManifest.xml:48:9-102
	android:name
		ADDED from src\main\AndroidManifest.xml:48:19-90
activity#com.lianpos.devfoucs.homepage.activity.InquirySheetActivity
ADDED from src\main\AndroidManifest.xml:49:9-105
	android:name
		ADDED from src\main\AndroidManifest.xml:49:19-93
activity#com.lianpos.devfoucs.homepage.activity.MakeMoneyActivity
ADDED from src\main\AndroidManifest.xml:50:9-102
	android:name
		ADDED from src\main\AndroidManifest.xml:50:19-90
activity#com.lianpos.devfoucs.homepage.activity.IWantBillingActivity
ADDED from src\main\AndroidManifest.xml:51:9-105
	android:name
		ADDED from src\main\AndroidManifest.xml:51:19-93
activity#com.lianpos.devfoucs.reportform.activity.ReportForm
ADDED from src\main\AndroidManifest.xml:52:9-97
	android:name
		ADDED from src\main\AndroidManifest.xml:52:19-85
activity#com.lianpos.devfoucs.reportform.activity.ModifyPassword
ADDED from src\main\AndroidManifest.xml:53:9-101
	android:name
		ADDED from src\main\AndroidManifest.xml:53:19-89
activity#com.lianpos.devfoucs.reportform.activity.PrinterActivity
ADDED from src\main\AndroidManifest.xml:54:9-102
	android:name
		ADDED from src\main\AndroidManifest.xml:54:19-90
activity#com.lianpos.devfoucs.reportform.activity.EditerAreaActivity
ADDED from src\main\AndroidManifest.xml:55:9-105
	android:name
		ADDED from src\main\AndroidManifest.xml:55:19-93
activity#com.lianpos.devfoucs.reportform.activity.EnterpriseInformation
ADDED from src\main\AndroidManifest.xml:56:9-108
	android:name
		ADDED from src\main\AndroidManifest.xml:56:19-96
activity#com.lianpos.devfoucs.contacts.ui.AddFriendActivity
ADDED from src\main\AndroidManifest.xml:57:9-96
	android:name
		ADDED from src\main\AndroidManifest.xml:57:19-84
activity#com.lianpos.devfoucs.contacts.ui.AddPhoneNmbActivity
ADDED from src\main\AndroidManifest.xml:58:9-98
	android:name
		ADDED from src\main\AndroidManifest.xml:58:19-86
activity#com.lianpos.devfoucs.shoppingcart.MerchantActivity
ADDED from src\main\AndroidManifest.xml:59:9-96
	android:name
		ADDED from src\main\AndroidManifest.xml:59:19-84
activity#com.lianpos.devfoucs.shoppingcart.activity.IncreaseCommodityActivity
ADDED from src\main\AndroidManifest.xml:60:9-114
	android:name
		ADDED from src\main\AndroidManifest.xml:60:19-102
activity#com.lianpos.devfoucs.shoppingcart.activity.ChooseListView
ADDED from src\main\AndroidManifest.xml:61:9-103
	android:name
		ADDED from src\main\AndroidManifest.xml:61:19-91
activity#com.lianpos.devfoucs.homepage.activity.InquirySheetListActivity
ADDED from src\main\AndroidManifest.xml:62:9-109
	android:name
		ADDED from src\main\AndroidManifest.xml:62:19-97
activity#com.lljjcoder.citylist.CityListSelectActivity
ADDED from [:citypickerview] AndroidManifest.xml:15:9-16:20
	android:name
		ADDED from [:citypickerview] AndroidManifest.xml:15:19-79